<?xml version="1.0" encoding="UTF-8"?>
<!-- Generated by org.testng.reporters.JUnitReportReporter -->
<testsuite name="Selenium_Practice.Sample2" tests="3" time="0.048" ignored="0" failures="0" timestamp="14 Feb 2020 18:07:21 GMT" skipped="0" hostname="Amar" errors="0">
  <testcase name="m3" time="0.016" classname="Selenium_Practice.Sample2"/>
  <testcase name="m2" time="0.016" classname="Selenium_Practice.Sample2"/>
  <testcase name="m4" time="0.016" classname="Selenium_Practice.Sample2"/>
</testsuite> <!-- Selenium_Practice.Sample2 -->
