<?xml version="1.0" encoding="UTF-8"?>
<!-- Generated by org.testng.reporters.JUnitReportReporter -->
<testsuite name="Selenium_Practice.Sample1" tests="1" time="27.298" ignored="0" failures="0" timestamp="24 Feb 2020 05:50:40 GMT" skipped="0" hostname="Amar" errors="0">
  <testcase name="testSampl" time="27.298" classname="Selenium_Practice.Sample1"/>
</testsuite> <!-- Selenium_Practice.Sample1 -->
