<?xml version="1.0" encoding="UTF-8"?>
<!-- Generated by org.testng.reporters.JUnitReportReporter -->
<testsuite name="Selenium_Practice.GrandChild" tests="3" time="0.036" ignored="6" failures="0" timestamp="14 Feb 2020 18:25:28 GMT" skipped="0" hostname="Amar" errors="0">
  <testcase name="d3" time="0.008" classname="Selenium_Practice.GrandChild"/>
  <testcase name="g4" time="0.016" classname="Selenium_Practice.GrandChild"/>
  <testcase name="m4" time="0.012" classname="Selenium_Practice.GrandChild"/>
  <testcase name="m1" classname="Selenium_Practice.Parent">
    <skipped/>
  </testcase> <!-- m1 -->
  <testcase name="m1" classname="Selenium_Practice.Parent">
    <skipped/>
  </testcase> <!-- m1 -->
  <testcase name="m2" classname="Selenium_Practice.Parent">
    <skipped/>
  </testcase> <!-- m2 -->
  <testcase name="m2" classname="Selenium_Practice.Parent">
    <skipped/>
  </testcase> <!-- m2 -->
  <testcase name="d1" classname="Selenium_Practice.Child">
    <skipped/>
  </testcase> <!-- d1 -->
  <testcase name="d2" classname="Selenium_Practice.Child">
    <skipped/>
  </testcase> <!-- d2 -->
</testsuite> <!-- Selenium_Practice.GrandChild -->
